<?xml version="1.0" encoding="UTF-8"?>
<testng-results skipped="0" failed="0" ignored="0" total="1" passed="1">
  <reporter-output>
  </reporter-output>
  <suite name="Default suite" duration-ms="143" started-at="2022-04-29T20:35:33 IST" finished-at="2022-04-29T20:35:33 IST">
    <groups>
    </groups>
    <test name="Default test" duration-ms="143" started-at="2022-04-29T20:35:33 IST" finished-at="2022-04-29T20:35:33 IST">
      <class name="Practice.Sample1">
        <test-method status="PASS" signature="f()[pri:0, instance:Practice.Sample1@1f57539]" name="f" duration-ms="21" started-at="2022-04-29T20:35:33 IST" finished-at="2022-04-29T20:35:33 IST">
          <reporter-output>
          </reporter-output>
        </test-method> <!-- f -->
      </class> <!-- Practice.Sample1 -->
    </test> <!-- Default test -->
  </suite> <!-- Default suite -->
</testng-results>
